<?xml version="1.0" encoding="UTF-8"?>
<!-- Generated by org.testng.reporters.JUnitReportReporter -->
<testsuite hostname="BLR-C4S63F3" failures="0" tests="2" name="script.Demo4" time="0.018" errors="0" timestamp="2022-05-10T09:28:15 IST" skipped="1">
  <testcase classname="script.Demo4" name="testB" time="0.018"/>
  <system-out>
    <![CDATA[testB]]>
  </system-out>
  <testcase classname="script.Demo4" name="testA">
    <skipped/>
  </testcase> <!-- testA -->
  <system-out/>
</testsuite> <!-- script.Demo4 -->
