<?xml version="1.0" encoding="UTF-8"?>
<!-- Generated by org.testng.reporters.JUnitReportReporter -->
<testsuite hostname="BLR-C4S63F3" failures="0" tests="1" name="script.ExtentReportExample" time="0.648" errors="0" timestamp="2022-05-10T09:28:15 IST" skipped="0">
  <testcase classname="script.ExtentReportExample" name="test_report" time="0.648"/>
  <system-out/>
</testsuite> <!-- script.ExtentReportExample -->
