<?xml version="1.0" encoding="UTF-8"?>
<!-- Generated by org.testng.reporters.JUnitReportReporter -->
<testsuite hostname="BLR-C4S63F3" failures="0" tests="3" name="script.Demo2" time="11.785" errors="0" timestamp="2022-05-10T08:30:43 IST" skipped="0">
  <testcase classname="script.Demo2" name="test2" time="3.747"/>
  <system-out>
    <![CDATA[Facebook – log in or sign up
A2
B2]]>
  </system-out>
  <testcase classname="script.Demo2" name="test2" time="3.938"/>
  <system-out>
    <![CDATA[Facebook – log in or sign up
A3
B3]]>
  </system-out>
  <testcase classname="script.Demo2" name="test2" time="4.100"/>
  <system-out>
    <![CDATA[Facebook – log in or sign up
A1
B1]]>
  </system-out>
</testsuite> <!-- script.Demo2 -->
