<?xml version="1.0" encoding="UTF-8"?>
<!-- Generated by org.testng.reporters.JUnitReportReporter -->
<testsuite hostname="BLR-C4S63F3" failures="0" tests="3" name="script.Demo3" time="11.724" errors="0" timestamp="2022-05-10T08:30:43 IST" skipped="0">
  <testcase classname="script.Demo3" name="test3" time="4.034"/>
  <system-out>
    <![CDATA[A4]]>
  </system-out>
  <testcase classname="script.Demo3" name="test3" time="3.871"/>
  <system-out>
    <![CDATA[A3

C3]]>
  </system-out>
  <testcase classname="script.Demo3" name="test3" time="3.819"/>
  <system-out>
    <![CDATA[A2
B2]]>
  </system-out>
</testsuite> <!-- script.Demo3 -->
